C:\Program Files\Microsoft Visual Studio\2022\Community\MSBuild\Microsoft\VC\v170\Microsoft.CppBuild.targets(538,5): warning MSB8028: The intermediate directory (x64\Debug\) contains files shared from another project (1. Write to file.vcxproj, 1.vcxproj, Task6 - FileIO.vcxproj).  This can lead to incorrect clean and rebuild behavior.
  Task6.cpp
C:\Users\kayle\OneDrive - University of Plymouth\Github Repositories\Module-Tasks\COMP1000 tasks\Task6 - FileIO\Task6 - FileIO\Task6.cpp(62,19): error C2676: binary '==': 'std::ofstream' does not define this operator or a conversion to a type acceptable to the predefined operator
      C:\Program Files\Microsoft Visual Studio\2022\Community\VC\Tools\MSVC\14.44.35207\include\memory(3718,17):
      could be 'bool std::operator ==(std::nullptr_t,const std::unique_ptr<_Ty,_Dx> &) noexcept'
          C:\Users\kayle\OneDrive - University of Plymouth\Github Repositories\Module-Tasks\COMP1000 tasks\Task6 - FileIO\Task6 - FileIO\Task6.cpp(62,7):
          'bool std::operator ==(std::nullptr_t,const std::unique_ptr<_Ty,_Dx> &) noexcept': could not deduce template argument for 'const std::unique_ptr<_Ty,_Dx> &' from 'std::string'
      C:\Program Files\Microsoft Visual Studio\2022\Community\VC\Tools\MSVC\14.44.35207\include\memory(3712,30):
      or       'bool std::operator ==(const std::unique_ptr<_Ty,_Dx> &,std::nullptr_t) noexcept'
          C:\Users\kayle\OneDrive - University of Plymouth\Github Repositories\Module-Tasks\COMP1000 tasks\Task6 - FileIO\Task6 - FileIO\Task6.cpp(62,7):
          'bool std::operator ==(const std::unique_ptr<_Ty,_Dx> &,std::nullptr_t) noexcept': could not deduce template argument for 'const std::unique_ptr<_Ty,_Dx> &' from 'std::ofstream'
      C:\Program Files\Microsoft Visual Studio\2022\Community\VC\Tools\MSVC\14.44.35207\include\memory(3666,30):
      or       'bool std::operator ==(const std::unique_ptr<_Ty,_Dx> &,const std::unique_ptr<_Ty2,_Dx2> &)'
          C:\Users\kayle\OneDrive - University of Plymouth\Github Repositories\Module-Tasks\COMP1000 tasks\Task6 - FileIO\Task6 - FileIO\Task6.cpp(62,7):
          'bool std::operator ==(const std::unique_ptr<_Ty,_Dx> &,const std::unique_ptr<_Ty2,_Dx2> &)': could not deduce template argument for 'const std::unique_ptr<_Ty,_Dx> &' from 'std::ofstream'
      C:\Program Files\Microsoft Visual Studio\2022\Community\VC\Tools\MSVC\14.44.35207\include\memory(1928,17):
      or       'bool std::operator ==(std::nullptr_t,const std::shared_ptr<_Ty> &) noexcept'
          C:\Users\kayle\OneDrive - University of Plymouth\Github Repositories\Module-Tasks\COMP1000 tasks\Task6 - FileIO\Task6 - FileIO\Task6.cpp(62,7):
          'bool std::operator ==(std::nullptr_t,const std::shared_ptr<_Ty> &) noexcept': could not deduce template argument for 'const std::shared_ptr<_Ty> &' from 'std::string'
      C:\Program Files\Microsoft Visual Studio\2022\Community\VC\Tools\MSVC\14.44.35207\include\memory(1917,17):
      or       'bool std::operator ==(const std::shared_ptr<_Ty> &,std::nullptr_t) noexcept'
          C:\Users\kayle\OneDrive - University of Plymouth\Github Repositories\Module-Tasks\COMP1000 tasks\Task6 - FileIO\Task6 - FileIO\Task6.cpp(62,7):
          'bool std::operator ==(const std::shared_ptr<_Ty> &,std::nullptr_t) noexcept': could not deduce template argument for 'const std::shared_ptr<_Ty> &' from 'std::ofstream'
      C:\Program Files\Microsoft Visual Studio\2022\Community\VC\Tools\MSVC\14.44.35207\include\memory(1880,17):
      or       'bool std::operator ==(const std::shared_ptr<_Ty> &,const std::shared_ptr<_Ty0> &) noexcept'
          C:\Users\kayle\OneDrive - University of Plymouth\Github Repositories\Module-Tasks\COMP1000 tasks\Task6 - FileIO\Task6 - FileIO\Task6.cpp(62,7):
          'bool std::operator ==(const std::shared_ptr<_Ty> &,const std::shared_ptr<_Ty0> &) noexcept': could not deduce template argument for 'const std::shared_ptr<_Ty> &' from 'std::ofstream'
      C:\Program Files\Microsoft Visual Studio\2022\Community\VC\Tools\MSVC\14.44.35207\include\xstring(3282,17):
      or       'bool std::operator ==(const _Elem *const ,const std::basic_string<_Elem,_Traits,_Alloc> &) noexcept'
          C:\Users\kayle\OneDrive - University of Plymouth\Github Repositories\Module-Tasks\COMP1000 tasks\Task6 - FileIO\Task6 - FileIO\Task6.cpp(62,7):
          'bool std::operator ==(const _Elem *const ,const std::basic_string<_Elem,_Traits,_Alloc> &) noexcept': could not deduce template argument for 'const _Elem *const ' from 'std::ofstream'
      C:\Program Files\Microsoft Visual Studio\2022\Community\VC\Tools\MSVC\14.44.35207\include\xstring(3263,30):
      or       'bool std::operator ==(const std::basic_string<_Elem,_Traits,_Alloc> &,const _Elem *const ) noexcept'
          C:\Users\kayle\OneDrive - University of Plymouth\Github Repositories\Module-Tasks\COMP1000 tasks\Task6 - FileIO\Task6 - FileIO\Task6.cpp(62,7):
          'bool std::operator ==(const std::basic_string<_Elem,_Traits,_Alloc> &,const _Elem *const ) noexcept': could not deduce template argument for 'const std::basic_string<_Elem,_Traits,_Alloc> &' from 'std::ofstream'
      C:\Program Files\Microsoft Visual Studio\2022\Community\VC\Tools\MSVC\14.44.35207\include\xstring(3257,30):
      or       'bool std::operator ==(const std::basic_string<_Elem,_Traits,_Alloc> &,const std::basic_string<_Elem,_Traits,_Alloc> &) noexcept'
          C:\Users\kayle\OneDrive - University of Plymouth\Github Repositories\Module-Tasks\COMP1000 tasks\Task6 - FileIO\Task6 - FileIO\Task6.cpp(62,7):
          'bool std::operator ==(const std::basic_string<_Elem,_Traits,_Alloc> &,const std::basic_string<_Elem,_Traits,_Alloc> &) noexcept': could not deduce template argument for 'const std::basic_string<_Elem,_Traits,_Alloc> &' from 'std::ofstream'
      C:\Program Files\Microsoft Visual Studio\2022\Community\VC\Tools\MSVC\14.44.35207\include\xmemory(1050,30):
      or       'bool std::operator ==(const std::allocator<_Ty> &,const std::allocator<_Other> &) noexcept'
          C:\Users\kayle\OneDrive - University of Plymouth\Github Repositories\Module-Tasks\COMP1000 tasks\Task6 - FileIO\Task6 - FileIO\Task6.cpp(62,7):
          'bool std::operator ==(const std::allocator<_Ty> &,const std::allocator<_Other> &) noexcept': could not deduce template argument for 'const std::allocator<_Ty> &' from 'std::ofstream'
      C:\Program Files\Microsoft Visual Studio\2022\Community\VC\Tools\MSVC\14.44.35207\include\iterator(486,17):
      or       'bool std::operator ==(const std::istreambuf_iterator<_Elem,_Traits> &,const std::istreambuf_iterator<_Elem,_Traits> &)'
          C:\Users\kayle\OneDrive - University of Plymouth\Github Repositories\Module-Tasks\COMP1000 tasks\Task6 - FileIO\Task6 - FileIO\Task6.cpp(62,7):
          'bool std::operator ==(const std::istreambuf_iterator<_Elem,_Traits> &,const std::istreambuf_iterator<_Elem,_Traits> &)': could not deduce template argument for 'const std::istreambuf_iterator<_Elem,_Traits> &' from 'std::ofstream'
      C:\Program Files\Microsoft Visual Studio\2022\Community\VC\Tools\MSVC\14.44.35207\include\iterator(304,17):
      or       'bool std::operator ==(const std::istream_iterator<_Ty,_Elem,_Traits,_Diff> &,const std::istream_iterator<_Ty,_Elem,_Traits,_Diff> &) noexcept'
          C:\Users\kayle\OneDrive - University of Plymouth\Github Repositories\Module-Tasks\COMP1000 tasks\Task6 - FileIO\Task6 - FileIO\Task6.cpp(62,7):
          'bool std::operator ==(const std::istream_iterator<_Ty,_Elem,_Traits,_Diff> &,const std::istream_iterator<_Ty,_Elem,_Traits,_Diff> &) noexcept': could not deduce template argument for 'const std::istream_iterator<_Ty,_Elem,_Traits,_Diff> &' from 'std::ofstream'
      C:\Program Files\Microsoft Visual Studio\2022\Community\VC\Tools\MSVC\14.44.35207\include\xutility(4458,30):
      or       'bool std::operator ==(const std::move_iterator<_Iter> &,const std::move_iterator<_Iter2> &) noexcept(<expr>)'
          C:\Users\kayle\OneDrive - University of Plymouth\Github Repositories\Module-Tasks\COMP1000 tasks\Task6 - FileIO\Task6 - FileIO\Task6.cpp(62,7):
          'bool std::operator ==(const std::move_iterator<_Iter> &,const std::move_iterator<_Iter2> &) noexcept(<expr>)': could not deduce template argument for 'const std::move_iterator<_Iter> &' from 'std::ofstream'
      C:\Program Files\Microsoft Visual Studio\2022\Community\VC\Tools\MSVC\14.44.35207\include\xutility(1896,30):
      or       'bool std::operator ==(const std::reverse_iterator<_BidIt> &,const std::reverse_iterator<_BidIt2> &) noexcept(<expr>)'
          C:\Users\kayle\OneDrive - University of Plymouth\Github Repositories\Module-Tasks\COMP1000 tasks\Task6 - FileIO\Task6 - FileIO\Task6.cpp(62,7):
          'bool std::operator ==(const std::reverse_iterator<_BidIt> &,const std::reverse_iterator<_BidIt2> &) noexcept(<expr>)': could not deduce template argument for 'const std::reverse_iterator<_BidIt> &' from 'std::ofstream'
      C:\Program Files\Microsoft Visual Studio\2022\Community\VC\Tools\MSVC\14.44.35207\include\utility(503,27):
      or       'bool std::operator ==(const std::pair<_Ty1,_Ty2> &,const std::pair<_Uty1,_Uty2> &)'
          C:\Users\kayle\OneDrive - University of Plymouth\Github Repositories\Module-Tasks\COMP1000 tasks\Task6 - FileIO\Task6 - FileIO\Task6.cpp(62,7):
          'bool std::operator ==(const std::pair<_Ty1,_Ty2> &,const std::pair<_Uty1,_Uty2> &)': could not deduce template argument for 'const std::pair<_Ty1,_Ty2> &' from 'std::ofstream'
  
